<?xml version="1.0" encoding="UTF-8"?>
<!-- Generated by org.testng.reporters.JUnitXMLReporter -->
<testsuite hostname="DESKTOP-ML9MQ65" ignored="0" name="Default test" tests="5" failures="0" timestamp="2020-08-28T19:59:00 EET" time="7.371" errors="0">
  <testcase name="userChooseLanguageOfWebsite" time="1.074" classname="tests.E2EScenario"/>
  <testcase name="userSearchForLesson" time="1.242" classname="tests.E2EScenario"/>
  <testcase name="userOpenSelectedResult" time="1.201" classname="tests.E2EScenario"/>
  <testcase name="userOpenWorkSheetPage" time="0.7" classname="tests.E2EScenario"/>
  <testcase name="getNumberOfQInWorksheet" time="3.089" classname="tests.E2EScenario"/>
</testsuite> <!-- Default test -->
