<?xml version="1.0" encoding="UTF-8"?>
<testng-results skipped="0" failed="0" ignored="0" total="5" passed="5">
  <reporter-output>
  </reporter-output>
  <suite name="Default suite" duration-ms="7371" started-at="2020-08-28T19:58:53 EET" finished-at="2020-08-28T19:59:00 EET">
    <groups>
    </groups>
    <test name="Default test" duration-ms="7371" started-at="2020-08-28T19:58:53 EET" finished-at="2020-08-28T19:59:00 EET">
      <class name="tests.E2EScenario">
        <test-method status="PASS" signature="startDriver(java.lang.String)[pri:0, instance:tests.E2EScenario@25af5db5]" name="startDriver" is-config="true" duration-ms="9913" started-at="2020-08-28T19:58:43 EET" finished-at="2020-08-28T19:58:53 EET">
          <params>
            <param index="0">
              <value>
                <![CDATA[chrome]]>
              </value>
            </param>
          </params>
          <reporter-output>
          </reporter-output>
        </test-method> <!-- startDriver -->
        <test-method status="PASS" signature="userChooseLanguageOfWebsite()[pri:1, instance:tests.E2EScenario@25af5db5]" name="userChooseLanguageOfWebsite" duration-ms="1074" started-at="2020-08-28T19:58:53 EET" finished-at="2020-08-28T19:58:54 EET">
          <reporter-output>
          </reporter-output>
        </test-method> <!-- userChooseLanguageOfWebsite -->
        <test-method status="PASS" signature="screenshotOnFailure(org.testng.ITestResult)[pri:0, instance:tests.E2EScenario@25af5db5]" name="screenshotOnFailure" is-config="true" duration-ms="2" started-at="2020-08-28T19:58:54 EET" finished-at="2020-08-28T19:58:54 EET">
          <params>
            <param index="0">
              <value>
                <![CDATA[[TestResult name=userChooseLanguageOfWebsite status=SUCCESS method=E2EScenario.userChooseLanguageOfWebsite()[pri:1, instance:tests.E2EScenario@25af5db5] output={null}]]]>
              </value>
            </param>
          </params>
          <reporter-output>
          </reporter-output>
        </test-method> <!-- screenshotOnFailure -->
        <test-method status="PASS" signature="userSearchForLesson()[pri:2, instance:tests.E2EScenario@25af5db5]" name="userSearchForLesson" duration-ms="1242" started-at="2020-08-28T19:58:54 EET" finished-at="2020-08-28T19:58:55 EET">
          <reporter-output>
          </reporter-output>
        </test-method> <!-- userSearchForLesson -->
        <test-method status="PASS" signature="screenshotOnFailure(org.testng.ITestResult)[pri:0, instance:tests.E2EScenario@25af5db5]" name="screenshotOnFailure" is-config="true" duration-ms="0" started-at="2020-08-28T19:58:55 EET" finished-at="2020-08-28T19:58:55 EET">
          <params>
            <param index="0">
              <value>
                <![CDATA[[TestResult name=userSearchForLesson status=SUCCESS method=E2EScenario.userSearchForLesson()[pri:2, instance:tests.E2EScenario@25af5db5] output={null}]]]>
              </value>
            </param>
          </params>
          <reporter-output>
          </reporter-output>
        </test-method> <!-- screenshotOnFailure -->
        <test-method status="PASS" signature="userOpenSelectedResult()[pri:3, instance:tests.E2EScenario@25af5db5]" name="userOpenSelectedResult" duration-ms="1201" started-at="2020-08-28T19:58:55 EET" finished-at="2020-08-28T19:58:56 EET">
          <reporter-output>
          </reporter-output>
        </test-method> <!-- userOpenSelectedResult -->
        <test-method status="PASS" signature="screenshotOnFailure(org.testng.ITestResult)[pri:0, instance:tests.E2EScenario@25af5db5]" name="screenshotOnFailure" is-config="true" duration-ms="1" started-at="2020-08-28T19:58:56 EET" finished-at="2020-08-28T19:58:56 EET">
          <params>
            <param index="0">
              <value>
                <![CDATA[[TestResult name=userOpenSelectedResult status=SUCCESS method=E2EScenario.userOpenSelectedResult()[pri:3, instance:tests.E2EScenario@25af5db5] output={null}]]]>
              </value>
            </param>
          </params>
          <reporter-output>
          </reporter-output>
        </test-method> <!-- screenshotOnFailure -->
        <test-method status="PASS" signature="userOpenWorkSheetPage()[pri:4, instance:tests.E2EScenario@25af5db5]" name="userOpenWorkSheetPage" duration-ms="700" started-at="2020-08-28T19:58:56 EET" finished-at="2020-08-28T19:58:57 EET">
          <reporter-output>
          </reporter-output>
        </test-method> <!-- userOpenWorkSheetPage -->
        <test-method status="PASS" signature="screenshotOnFailure(org.testng.ITestResult)[pri:0, instance:tests.E2EScenario@25af5db5]" name="screenshotOnFailure" is-config="true" duration-ms="9" started-at="2020-08-28T19:58:57 EET" finished-at="2020-08-28T19:58:57 EET">
          <params>
            <param index="0">
              <value>
                <![CDATA[[TestResult name=userOpenWorkSheetPage status=SUCCESS method=E2EScenario.userOpenWorkSheetPage()[pri:4, instance:tests.E2EScenario@25af5db5] output={null}]]]>
              </value>
            </param>
          </params>
          <reporter-output>
          </reporter-output>
        </test-method> <!-- screenshotOnFailure -->
        <test-method status="PASS" signature="getNumberOfQInWorksheet()[pri:5, instance:tests.E2EScenario@25af5db5]" name="getNumberOfQInWorksheet" duration-ms="3089" started-at="2020-08-28T19:58:57 EET" finished-at="2020-08-28T19:59:00 EET">
          <reporter-output>
          </reporter-output>
        </test-method> <!-- getNumberOfQInWorksheet -->
        <test-method status="PASS" signature="screenshotOnFailure(org.testng.ITestResult)[pri:0, instance:tests.E2EScenario@25af5db5]" name="screenshotOnFailure" is-config="true" duration-ms="0" started-at="2020-08-28T19:59:00 EET" finished-at="2020-08-28T19:59:00 EET">
          <params>
            <param index="0">
              <value>
                <![CDATA[[TestResult name=getNumberOfQInWorksheet status=SUCCESS method=E2EScenario.getNumberOfQInWorksheet()[pri:5, instance:tests.E2EScenario@25af5db5] output={null}]]]>
              </value>
            </param>
          </params>
          <reporter-output>
          </reporter-output>
        </test-method> <!-- screenshotOnFailure -->
        <test-method status="PASS" signature="closeDriver()[pri:0, instance:tests.E2EScenario@25af5db5]" name="closeDriver" is-config="true" duration-ms="700" started-at="2020-08-28T19:59:00 EET" finished-at="2020-08-28T19:59:01 EET">
          <reporter-output>
          </reporter-output>
        </test-method> <!-- closeDriver -->
      </class> <!-- tests.E2EScenario -->
    </test> <!-- Default test -->
  </suite> <!-- Default suite -->
</testng-results>
